app/build/outputs/logs/manifest-merger-debug-report.txt
-- Merging decision tree log ---
manifest
ADDED from AndroidManifest.xml:2:1
	xmlns:android
		ADDED from AndroidManifest.xml:2:11
	package
		ADDED from AndroidManifest.xml:3:5
		INJECTED from AndroidManifest.xml:0:0
		INJECTED from AndroidManifest.xml:0:0
	android:versionName
		ADDED from AndroidManifest.xml:5:5
	android:versionCode
		ADDED from AndroidManifest.xml:4:5
		INJECTED from AndroidManifest.xml:0:0
		INJECTED from AndroidManifest.xml:0:0
uses-sdk
ADDED from AndroidManifest.xml:7:5
MERGED from com.android.support:support-v4:21.0.3:15:5
MERGED from CaiHongCity:materialloadingprogressbar:unspecified:7:5
MERGED from com.android.support:appcompat-v7:21.0.3:15:5
MERGED from com.android.support:support-v4:21.0.3:15:5
MERGED from com.loopeer.android.thirdparty.pulltorefresh:Android-PullToRefresh:2.1.1:7:5
MERGED from com.android.support:support-v4:21.0.3:15:5
MERGED from com.jiechic.library:xUtils:2.6.14:7:5
	android:targetSdkVersion
		ADDED from AndroidManifest.xml:9:9
		INJECTED from AndroidManifest.xml:0:0
		INJECTED from AndroidManifest.xml:0:0
	android:minSdkVersion
		ADDED from AndroidManifest.xml:8:9
		INJECTED from AndroidManifest.xml:0:0
		INJECTED from AndroidManifest.xml:0:0
uses-permission#android.permission.INTERNET
ADDED from AndroidManifest.xml:11:5
	android:name
		ADDED from AndroidManifest.xml:11:22
uses-permission#android.permission.RECORD_AUDIO
ADDED from AndroidManifest.xml:12:5
	android:name
		ADDED from AndroidManifest.xml:12:22
uses-permission#android.permission.MODIFY_AUDIO_SETTINGS
ADDED from AndroidManifest.xml:13:5
	android:name
		ADDED from AndroidManifest.xml:13:22
uses-permission#android.permission.READ_PHONE_STATE
ADDED from AndroidManifest.xml:14:5
	android:name
		ADDED from AndroidManifest.xml:14:22
uses-permission#android.permission.BLUETOOTH_ADMIN
ADDED from AndroidManifest.xml:15:5
	android:name
		ADDED from AndroidManifest.xml:15:22
uses-permission#android.permission.BLUETOOTH
ADDED from AndroidManifest.xml:16:5
	android:name
		ADDED from AndroidManifest.xml:16:22
uses-permission#android.permission.WRITE_EXTERNAL_STORAGE
ADDED from AndroidManifest.xml:17:5
	android:name
		ADDED from AndroidManifest.xml:17:22
uses-permission#android.permission.ACCESS_NETWORK_STATE
ADDED from AndroidManifest.xml:18:5
	android:name
		ADDED from AndroidManifest.xml:18:22
uses-permission#android.permission.CALL_PHONE
ADDED from AndroidManifest.xml:19:5
	android:name
		ADDED from AndroidManifest.xml:19:22
uses-permission#android.permission.READ_EXTERNAL_STORAGE
ADDED from AndroidManifest.xml:20:5
	android:name
		ADDED from AndroidManifest.xml:20:22
uses-permission#android.permission.CAMERA
ADDED from AndroidManifest.xml:21:5
	android:name
		ADDED from AndroidManifest.xml:21:22
uses-permission#android.permission.ACCESS_COARSE_LOCATION
ADDED from AndroidManifest.xml:23:5
	android:name
		ADDED from AndroidManifest.xml:23:22
uses-permission#android.permission.ACCESS_FINE_LOCATION
ADDED from AndroidManifest.xml:24:5
	android:name
		ADDED from AndroidManifest.xml:24:22
application
ADDED from AndroidManifest.xml:26:5
MERGED from com.android.support:support-v4:21.0.3:16:5
MERGED from CaiHongCity:materialloadingprogressbar:unspecified:11:5
MERGED from com.android.support:appcompat-v7:21.0.3:16:5
MERGED from com.android.support:support-v4:21.0.3:16:5
MERGED from com.loopeer.android.thirdparty.pulltorefresh:Android-PullToRefresh:2.1.1:9:5
MERGED from com.android.support:support-v4:21.0.3:16:5
MERGED from com.jiechic.library:xUtils:2.6.14:11:5
	android:label
		ADDED from AndroidManifest.xml:31:9
	android:allowBackup
		ADDED from AndroidManifest.xml:28:9
	android:icon
		ADDED from AndroidManifest.xml:29:9
	android:theme
		ADDED from AndroidManifest.xml:32:9
	android:largeHeap
		ADDED from AndroidManifest.xml:30:9
	android:name
		ADDED from AndroidManifest.xml:27:9
activity#com.caihongcity.com.activity.MainActivity_
ADDED from AndroidManifest.xml:33:9
	android:screenOrientation
		ADDED from AndroidManifest.xml:36:13
	android:label
		ADDED from AndroidManifest.xml:35:13
	android:theme
		ADDED from AndroidManifest.xml:37:13
	android:name
		ADDED from AndroidManifest.xml:34:13
activity#com.caihongcity.com.activity.RegisterActivity_
ADDED from AndroidManifest.xml:39:9
	android:screenOrientation
		ADDED from AndroidManifest.xml:41:13
	android:theme
		ADDED from AndroidManifest.xml:42:13
	android:name
		ADDED from AndroidManifest.xml:40:13
activity#com.caihongcity.com.activity.StartActivity_
ADDED from AndroidManifest.xml:43:9
	android:screenOrientation
		ADDED from AndroidManifest.xml:45:13
	android:theme
		ADDED from AndroidManifest.xml:46:13
	android:name
		ADDED from AndroidManifest.xml:44:13
activity#com.caihongcity.com.activity.SwipeActivity_
ADDED from AndroidManifest.xml:47:9
	android:screenOrientation
		ADDED from AndroidManifest.xml:49:13
	android:theme
		ADDED from AndroidManifest.xml:50:13
	android:name
		ADDED from AndroidManifest.xml:48:13
activity#com.caihongcity.com.activity.TradeStatusSuccessActivity
ADDED from AndroidManifest.xml:51:9
	android:screenOrientation
		ADDED from AndroidManifest.xml:53:13
	android:theme
		ADDED from AndroidManifest.xml:54:13
	android:name
		ADDED from AndroidManifest.xml:52:13
activity#com.caihongcity.com.activity.TradeStatusFailureActivity
ADDED from AndroidManifest.xml:55:9
	android:screenOrientation
		ADDED from AndroidManifest.xml:57:13
	android:theme
		ADDED from AndroidManifest.xml:58:13
	android:name
		ADDED from AndroidManifest.xml:56:13
activity#com.caihongcity.com.activity.SignNameActivity
ADDED from AndroidManifest.xml:59:9
	android:screenOrientation
		ADDED from AndroidManifest.xml:61:13
	android:theme
		ADDED from AndroidManifest.xml:62:13
	android:name
		ADDED from AndroidManifest.xml:60:13
activity#com.caihongcity.com.activity.SwipeWaitActivity
ADDED from AndroidManifest.xml:63:9
	android:screenOrientation
		ADDED from AndroidManifest.xml:65:13
	android:theme
		ADDED from AndroidManifest.xml:66:13
	android:name
		ADDED from AndroidManifest.xml:64:13
activity#com.caihongcity.com.activity.ToBalanceActivity
ADDED from AndroidManifest.xml:67:9
	android:screenOrientation
		ADDED from AndroidManifest.xml:69:13
	android:theme
		ADDED from AndroidManifest.xml:70:13
	android:name
		ADDED from AndroidManifest.xml:68:13
activity#com.caihongcity.com.activity.QueryActivity
ADDED from AndroidManifest.xml:71:9
	android:screenOrientation
		ADDED from AndroidManifest.xml:73:13
	android:theme
		ADDED from AndroidManifest.xml:74:13
	android:name
		ADDED from AndroidManifest.xml:72:13
activity#com.caihongcity.com.activity.SettingActivity
ADDED from AndroidManifest.xml:75:9
	android:screenOrientation
		ADDED from AndroidManifest.xml:77:13
	android:theme
		ADDED from AndroidManifest.xml:78:13
	android:name
		ADDED from AndroidManifest.xml:76:13
activity#com.caihongcity.com.activity.ConsumeInputPwdActivity
ADDED from AndroidManifest.xml:79:9
	android:screenOrientation
		ADDED from AndroidManifest.xml:81:13
	android:theme
		ADDED from AndroidManifest.xml:82:13
	android:name
		ADDED from AndroidManifest.xml:80:13
activity#com.caihongcity.com.activity.QueryBalancceResultActivity
ADDED from AndroidManifest.xml:83:9
	android:screenOrientation
		ADDED from AndroidManifest.xml:85:13
	android:theme
		ADDED from AndroidManifest.xml:86:13
	android:name
		ADDED from AndroidManifest.xml:84:13
activity#com.caihongcity.com.activity.QueryBalanceActivity
ADDED from AndroidManifest.xml:87:9
	android:screenOrientation
		ADDED from AndroidManifest.xml:89:13
	android:theme
		ADDED from AndroidManifest.xml:90:13
	android:name
		ADDED from AndroidManifest.xml:88:13
activity#com.caihongcity.com.activity.TradeDetailActivity
ADDED from AndroidManifest.xml:91:9
	android:screenOrientation
		ADDED from AndroidManifest.xml:93:13
	android:theme
		ADDED from AndroidManifest.xml:94:13
	android:name
		ADDED from AndroidManifest.xml:92:13
activity#com.caihongcity.com.activity.ModifyPwdActivity
ADDED from AndroidManifest.xml:95:9
	android:screenOrientation
		ADDED from AndroidManifest.xml:97:13
	android:theme
		ADDED from AndroidManifest.xml:98:13
	android:name
		ADDED from AndroidManifest.xml:96:13
activity#com.caihongcity.com.activity.CustomerinfoActivity
ADDED from AndroidManifest.xml:99:9
	android:screenOrientation
		ADDED from AndroidManifest.xml:101:13
	android:theme
		ADDED from AndroidManifest.xml:102:13
	android:name
		ADDED from AndroidManifest.xml:100:13
activity#com.caihongcity.com.activity.BankNameListActivity
ADDED from AndroidManifest.xml:103:9
	android:screenOrientation
		ADDED from AndroidManifest.xml:105:13
	android:theme
		ADDED from AndroidManifest.xml:106:13
	android:name
		ADDED from AndroidManifest.xml:104:13
activity#com.caihongcity.com.activity.SelectFeeRuleActivity
ADDED from AndroidManifest.xml:107:9
	android:screenOrientation
		ADDED from AndroidManifest.xml:109:13
	android:theme
		ADDED from AndroidManifest.xml:110:13
	android:name
		ADDED from AndroidManifest.xml:108:13
activity#com.caihongcity.com.activity.TradeStatusActivity
ADDED from AndroidManifest.xml:111:9
	android:screenOrientation
		ADDED from AndroidManifest.xml:113:13
	android:theme
		ADDED from AndroidManifest.xml:114:13
	android:name
		ADDED from AndroidManifest.xml:112:13
service#com.caihongcity.com.service.GetKsnService
ADDED from AndroidManifest.xml:117:9
	android:name
		ADDED from AndroidManifest.xml:117:18
activity#com.caihongcity.com.activity.SelectTerminalActivity_
ADDED from AndroidManifest.xml:119:9
	android:screenOrientation
		ADDED from AndroidManifest.xml:122:13
	android:label
		ADDED from AndroidManifest.xml:121:13
	android:name
		ADDED from AndroidManifest.xml:120:13
activity#com.caihongcity.com.activity.BluetoothSelectActivity_
ADDED from AndroidManifest.xml:124:9
	android:screenOrientation
		ADDED from AndroidManifest.xml:127:13
	android:label
		ADDED from AndroidManifest.xml:126:13
	android:name
		ADDED from AndroidManifest.xml:125:13
activity#com.caihongcity.com.activity.SwipeWaitBluetoothActivity_
ADDED from AndroidManifest.xml:129:9
	android:screenOrientation
		ADDED from AndroidManifest.xml:132:13
	android:label
		ADDED from AndroidManifest.xml:131:13
	android:name
		ADDED from AndroidManifest.xml:130:13
activity#com.caihongcity.com.activity.SwipeWaitHuiXingActivity_
ADDED from AndroidManifest.xml:134:9
	android:screenOrientation
		ADDED from AndroidManifest.xml:137:13
	android:label
		ADDED from AndroidManifest.xml:136:13
	android:name
		ADDED from AndroidManifest.xml:135:13
activity#com.caihongcity.com.activity.CustomerPicInfoActivity
ADDED from AndroidManifest.xml:138:9
	android:screenOrientation
		ADDED from AndroidManifest.xml:141:13
	android:label
		ADDED from AndroidManifest.xml:140:13
	android:name
		ADDED from AndroidManifest.xml:139:13
activity#com.caihongcity.com.activity.SwipeWaitMoFangActivity_
ADDED from AndroidManifest.xml:142:9
	android:screenOrientation
		ADDED from AndroidManifest.xml:145:13
	android:label
		ADDED from AndroidManifest.xml:144:13
	android:name
		ADDED from AndroidManifest.xml:143:13
activity#com.caihongcity.com.activity.SwipeWaitMoFangBlueActivity_
ADDED from AndroidManifest.xml:147:9
	android:screenOrientation
		ADDED from AndroidManifest.xml:150:13
	android:label
		ADDED from AndroidManifest.xml:149:13
	android:name
		ADDED from AndroidManifest.xml:148:13
activity#com.caihongcity.com.activity.SwipeWaitZhongCiActivity_
ADDED from AndroidManifest.xml:152:9
	android:screenOrientation
		ADDED from AndroidManifest.xml:155:13
	android:label
		ADDED from AndroidManifest.xml:154:13
	android:name
		ADDED from AndroidManifest.xml:153:13
activity#com.caihongcity.com.activity.FindPwdActivity_
ADDED from AndroidManifest.xml:157:9
	android:screenOrientation
		ADDED from AndroidManifest.xml:160:13
	android:label
		ADDED from AndroidManifest.xml:159:13
	android:name
		ADDED from AndroidManifest.xml:158:13
activity#com.caihongcity.com.activity.LaunchActivity
ADDED from AndroidManifest.xml:162:9
	android:screenOrientation
		ADDED from AndroidManifest.xml:165:13
	android:label
		ADDED from AndroidManifest.xml:164:13
	android:theme
		ADDED from AndroidManifest.xml:166:13
	android:name
		ADDED from AndroidManifest.xml:163:13
intent-filter#android.intent.action.MAIN+android.intent.category.LAUNCHER
ADDED from AndroidManifest.xml:167:13
action#android.intent.action.MAIN
ADDED from AndroidManifest.xml:168:17
	android:name
		ADDED from AndroidManifest.xml:168:25
category#android.intent.category.LAUNCHER
ADDED from AndroidManifest.xml:170:17
	android:name
		ADDED from AndroidManifest.xml:170:27
activity#com.caihongcity.com.activity.RealTimeActivity
ADDED from AndroidManifest.xml:173:9
	android:screenOrientation
		ADDED from AndroidManifest.xml:176:13
	android:label
		ADDED from AndroidManifest.xml:175:13
	android:name
		ADDED from AndroidManifest.xml:174:13
activity#com.caihongcity.com.activity.SwipeWaitYiFengBlueActivity_
ADDED from AndroidManifest.xml:178:9
	android:screenOrientation
		ADDED from AndroidManifest.xml:181:13
	android:label
		ADDED from AndroidManifest.xml:180:13
	android:name
		ADDED from AndroidManifest.xml:179:13
activity#com.caihongcity.com.activity.SwipeWaitXinNuoBlueActivity_
ADDED from AndroidManifest.xml:183:9
	android:screenOrientation
		ADDED from AndroidManifest.xml:186:13
	android:label
		ADDED from AndroidManifest.xml:185:13
	android:name
		ADDED from AndroidManifest.xml:184:13
activity#com.caihongcity.com.activity.SwipeWaitBBPoseBuleActivity_
ADDED from AndroidManifest.xml:188:9
	android:screenOrientation
		ADDED from AndroidManifest.xml:191:13
	android:label
		ADDED from AndroidManifest.xml:190:13
	android:name
		ADDED from AndroidManifest.xml:189:13
activity#com.caihongcity.com.activity.SwipeWaitBBPoseActivity_
ADDED from AndroidManifest.xml:193:9
	android:screenOrientation
		ADDED from AndroidManifest.xml:196:13
	android:label
		ADDED from AndroidManifest.xml:195:13
	android:name
		ADDED from AndroidManifest.xml:194:13
activity#com.caihongcity.com.activity.SwipeWaitXinLianDaActivity_
ADDED from AndroidManifest.xml:198:9
	android:label
		ADDED from AndroidManifest.xml:200:13
	android:name
		ADDED from AndroidManifest.xml:199:13
activity#com.caihongcity.com.activity.ImproveActivity_
ADDED from AndroidManifest.xml:202:9
	android:label
		ADDED from AndroidManifest.xml:204:13
	android:name
		ADDED from AndroidManifest.xml:203:13
activity#com.caihongcity.com.activity.InstructionsAct_
ADDED from AndroidManifest.xml:205:20
	android:label
		ADDED from AndroidManifest.xml:207:13
	android:name
		ADDED from AndroidManifest.xml:206:13
activity#com.caihongcity.com.activity.InstructionsDetailAct_
ADDED from AndroidManifest.xml:208:20
	android:label
		ADDED from AndroidManifest.xml:210:13
	android:name
		ADDED from AndroidManifest.xml:209:13
activity#com.caihongcity.com.activity.NotificationListActivity_
ADDED from AndroidManifest.xml:211:20
	android:label
		ADDED from AndroidManifest.xml:213:13
	android:name
		ADDED from AndroidManifest.xml:212:13
activity#com.caihongcity.com.activity.NotificationDetailActivity_
ADDED from AndroidManifest.xml:214:20
	android:label
		ADDED from AndroidManifest.xml:216:13
	android:name
		ADDED from AndroidManifest.xml:215:13
activity#com.caihongcity.com.activity.BindCardListActivity_
ADDED from AndroidManifest.xml:218:9
	android:label
		ADDED from AndroidManifest.xml:220:13
	android:name
		ADDED from AndroidManifest.xml:219:13
activity#com.caihongcity.com.activity.QueryOldActivity
ADDED from AndroidManifest.xml:222:9
	android:label
		ADDED from AndroidManifest.xml:224:13
	android:name
		ADDED from AndroidManifest.xml:223:13